<?xml version="1.0" encoding="UTF-8"?>
<!-- Generated by org.testng.reporters.JUnitReportReporter -->
<testsuite hostname="HDC-ITADM3152" name="changePasswordTests.TestValidScenarios" tests="5" failures="0" timestamp="14 Jul 2019 08:33:39 GMT" time="0.027" errors="0">
  <testcase name="TC01CheckSpecialCharacterRange" time="0.013" classname="changePasswordTests.TestValidScenarios"/>
  <testcase name="TC04NumberOfDigitsInRange" time="0.007" classname="changePasswordTests.TestValidScenarios"/>
  <testcase name="TC02CheckSpecialCharacterCount" time="0.001" classname="changePasswordTests.TestValidScenarios"/>
  <testcase name="TC05AllValidCriteria" time="0.005" classname="changePasswordTests.TestValidScenarios"/>
  <testcase name="TC03DuplicateCharactersInRange" time="0.001" classname="changePasswordTests.TestValidScenarios"/>
</testsuite> <!-- changePasswordTests.TestValidScenarios -->
