<?xml version="1.0" encoding="UTF-8"?>
<!-- Generated by org.testng.reporters.JUnitReportReporter -->
<testsuite hostname="HDC-ITADM3152" name="changePasswordTests.TestPasswordSimilarity" tests="4" failures="0" timestamp="14 Jul 2019 09:01:39 GMT" time="0.006" errors="0">
  <testcase name="TC18Test80PSimilarity" time="0.002" classname="changePasswordTests.TestPasswordSimilarity"/>
  <testcase name="TC17TestLessThan80PSimilarity" time="0.002" classname="changePasswordTests.TestPasswordSimilarity"/>
  <testcase name="TC19TestMoreThan80PSimilarity" time="0.001" classname="changePasswordTests.TestPasswordSimilarity"/>
  <testcase name="TC20NewPasswordNull" time="0.001" classname="changePasswordTests.TestPasswordSimilarity"/>
</testsuite> <!-- changePasswordTests.TestPasswordSimilarity -->
