<?xml version="1.0" encoding="UTF-8"?>
<!-- Generated by org.testng.reporters.JUnitReportReporter -->
<testsuite hostname="HDC-ITADM3152" name="changePasswordTests.TestInvalidScenarios" tests="11" failures="0" timestamp="14 Jul 2019 19:13:47 GMT" time="0.009" errors="0">
  <testcase name="TC11DigitsBeyondMaxCount" time="0.003" classname="changePasswordTests.TestInvalidScenarios"/>
  <testcase name="TC13NoNumbers" time="0.001" classname="changePasswordTests.TestInvalidScenarios"/>
  <testcase name="TC14NoAlphabets" time="0.000" classname="changePasswordTests.TestInvalidScenarios"/>
  <testcase name="TC15NoSpecialCharacters" time="0.000" classname="changePasswordTests.TestInvalidScenarios"/>
  <testcase name="TC06LessThanMinChar" time="0.000" classname="changePasswordTests.TestInvalidScenarios"/>
  <testcase name="TC10SpecialCharsBeyondMaxRange" time="0.001" classname="changePasswordTests.TestInvalidScenarios"/>
  <testcase name="TC08AllCaptialLetters" time="0.001" classname="changePasswordTests.TestInvalidScenarios"/>
  <testcase name="TC12DuplicatesBeyondMaxCount" time="0.001" classname="changePasswordTests.TestInvalidScenarios"/>
  <testcase name="TC16OldPasswordNotMatched" time="0.000" classname="changePasswordTests.TestInvalidScenarios"/>
  <testcase name="TC07SpecialCharOutOfAllowedRange" time="0.001" classname="changePasswordTests.TestInvalidScenarios"/>
  <testcase name="TC09AllLowerCaseLetters" time="0.001" classname="changePasswordTests.TestInvalidScenarios"/>
</testsuite> <!-- changePasswordTests.TestInvalidScenarios -->
