<?xml version="1.0" encoding="UTF-8"?>
<!-- Generated by org.testng.reporters.JUnitReportReporter -->
<testsuite hostname="HDC-ITADM3152" name="changePasswordTests.TestChangePassword" tests="1" failures="0" timestamp="12 Jul 2019 06:42:36 GMT" time="0.007" errors="0">
  <testcase name="TC01CheckValidPassword" time="0.007" classname="changePasswordTests.TestChangePassword"/>
</testsuite> <!-- changePasswordTests.TestChangePassword -->
